2022-04-10 00:19:46,314 - test_ping_sappyrfc - INFO - Parsing cfg
2022-04-10 00:19:46,315 - test_ping_sappyrfc - INFO - Connecting to SAP RFC...
2022-04-10 00:19:46,461 - test_ping_sappyrfc - INFO - {'ECHOTEXT': 'Hello SAP!', 'RESPTEXT': 'SAP R/3 Rel. 750   Sysid: UST      Date: 20220410   Time: 002448   Logon_Data: 400/21717T/E'}
2022-04-10 00:51:49,790 - test_ping_sappyrfc - INFO - Parsing cfg
2022-04-10 00:51:49,790 - test_ping_sappyrfc - INFO - Connecting to SAP RFC...
2022-04-10 00:51:49,959 - test_ping_sappyrfc - INFO - {'ECHOTEXT': 'Hello SAP!', 'RESPTEXT': 'SAP R/3 Rel. 750   Sysid: UST      Date: 20220410   Time: 005652   Logon_Data: 400/21717T/E'}
2022-04-10 01:04:03,083 - test_ping_sappyrfc - INFO - Parsing cfg
2022-04-10 01:04:03,084 - test_ping_sappyrfc - INFO - Connecting to SAP RFC...
2022-04-10 01:04:03,275 - test_ping_sappyrfc - INFO - {'ECHOTEXT': 'Hello SAP!', 'RESPTEXT': 'SAP R/3 Rel. 750   Sysid: UST      Date: 20220410   Time: 010905   Logon_Data: 400/21717T/E'}
2022-04-10 11:07:56,939 - test_ping_sappyrfc - INFO - Parsing cfg
2022-04-10 11:07:56,940 - test_ping_sappyrfc - INFO - Connecting to SAP RFC...
2022-04-10 11:07:57,120 - test_ping_sappyrfc - INFO - {'ECHOTEXT': 'Hello SAP!', 'RESPTEXT': 'SAP R/3 Rel. 750   Sysid: UST      Date: 20220410   Time: 111259   Logon_Data: 400/21717T/E'}
2022-04-10 11:17:06,082 - test_ping_sappyrfc - INFO - Parsing cfg
2022-04-10 11:17:06,082 - test_ping_sappyrfc - INFO - Connecting to SAP RFC...
2022-04-10 11:17:06,264 - test_ping_sappyrfc - INFO - {'ECHOTEXT': 'Hello SAP!', 'RESPTEXT': 'SAP R/3 Rel. 750   Sysid: UST      Date: 20220410   Time: 112209   Logon_Data: 400/21717T/E'}
2022-04-10 11:19:38,461 - test_ping_sappyrfc - INFO - Parsing cfg
2022-04-10 11:19:38,461 - test_ping_sappyrfc - INFO - Connecting to SAP RFC...
2022-04-10 11:19:38,551 - test_ping_sappyrfc - INFO - {'ECHOTEXT': 'Hello SAP!', 'RESPTEXT': 'SAP R/3 Rel. 750   Sysid: UST      Date: 20220410   Time: 112441   Logon_Data: 400/21717T/E'}
2022-04-10 12:47:37,428 - test_ping_sappyrfc - INFO - Parsing cfg
2022-04-10 12:47:37,428 - test_ping_sappyrfc - INFO - Connecting to SAP RFC...
2022-04-10 12:47:37,606 - test_ping_sappyrfc - INFO - {'ECHOTEXT': 'Hello SAP!', 'RESPTEXT': 'SAP R/3 Rel. 750   Sysid: UST      Date: 20220410   Time: 125240   Logon_Data: 400/21717T/E'}
2022-04-10 12:55:21,294 - test_ping_sappyrfc - INFO - Parsing cfg
2022-04-10 12:55:21,294 - test_ping_sappyrfc - INFO - Connecting to SAP RFC...
2022-04-10 12:55:21,503 - test_ping_sappyrfc - INFO - {'ECHOTEXT': 'Hello SAP!', 'RESPTEXT': 'SAP R/3 Rel. 750   Sysid: UST      Date: 20220410   Time: 130024   Logon_Data: 400/21717T/E'}
2022-04-10 16:17:55,750 - test_ping_sappyrfc - INFO - Parsing cfg
2022-04-10 16:17:55,750 - test_ping_sappyrfc - INFO - Connecting to SAP RFC...
2022-04-10 16:17:55,929 - test_ping_sappyrfc - INFO - {'ECHOTEXT': 'Hello SAP!', 'RESPTEXT': 'SAP R/3 Rel. 750   Sysid: UST      Date: 20220410   Time: 162258   Logon_Data: 400/21717T/E'}
2022-04-10 16:19:37,939 - test_ping_sappyrfc - INFO - Parsing cfg
2022-04-10 16:19:37,939 - test_ping_sappyrfc - INFO - Connecting to SAP RFC...
2022-04-10 16:19:38,027 - test_ping_sappyrfc - INFO - {'ECHOTEXT': 'Hello SAP!', 'RESPTEXT': 'SAP R/3 Rel. 750   Sysid: UST      Date: 20220410   Time: 162440   Logon_Data: 400/21717T/E'}
2022-04-10 16:21:48,995 - test_ping_sappyrfc - INFO - Parsing cfg
2022-04-10 16:21:48,995 - test_ping_sappyrfc - INFO - Connecting to SAP RFC...
2022-04-10 16:21:49,081 - test_ping_sappyrfc - INFO - {'ECHOTEXT': 'Hello SAP!', 'RESPTEXT': 'SAP R/3 Rel. 750   Sysid: UST      Date: 20220410   Time: 162652   Logon_Data: 400/21717T/E'}
2022-04-11 12:56:04,394 - test_ping_sappyrfc - INFO - Parsing cfg
2022-04-11 12:56:04,395 - test_ping_sappyrfc - INFO - Connecting to SAP RFC...
2022-04-11 12:56:04,607 - test_ping_sappyrfc - INFO - {'ECHOTEXT': 'Hello SAP!', 'RESPTEXT': 'SAP R/3 Rel. 750   Sysid: UST      Date: 20220411   Time: 130106   Logon_Data: 400/21717T/E'}
2022-04-11 14:31:57,745 - test_ping_sappyrfc - INFO - Parsing cfg
2022-04-11 14:31:57,746 - test_ping_sappyrfc - INFO - Connecting to SAP RFC...
2022-04-11 14:31:57,925 - test_ping_sappyrfc - INFO - {'ECHOTEXT': 'Hello SAP!', 'RESPTEXT': 'SAP R/3 Rel. 750   Sysid: UST      Date: 20220411   Time: 143700   Logon_Data: 400/21717T/E'}
2022-04-11 15:00:38,305 - test_ping_sappyrfc - INFO - Parsing cfg
2022-04-11 15:00:38,306 - test_ping_sappyrfc - INFO - Connecting to SAP RFC...
2022-04-11 15:00:38,479 - test_ping_sappyrfc - INFO - {'ECHOTEXT': 'Hello SAP!', 'RESPTEXT': 'SAP R/3 Rel. 750   Sysid: UST      Date: 20220411   Time: 150540   Logon_Data: 400/21717T/E'}
2022-04-11 15:03:14,274 - test_ping_sappyrfc - INFO - Parsing cfg
2022-04-11 15:03:14,275 - test_ping_sappyrfc - INFO - Connecting to SAP RFC...
2022-04-11 15:03:14,381 - test_ping_sappyrfc - INFO - {'ECHOTEXT': 'Hello SAP!', 'RESPTEXT': 'SAP R/3 Rel. 750   Sysid: UST      Date: 20220411   Time: 150816   Logon_Data: 400/21717T/E'}
2022-04-11 15:05:01,242 - test_ping_sappyrfc - INFO - Parsing cfg
2022-04-11 15:05:01,246 - test_ping_sappyrfc - INFO - Connecting to SAP RFC...
2022-04-11 15:05:01,368 - test_ping_sappyrfc - INFO - {'ECHOTEXT': 'Hello SAP!', 'RESPTEXT': 'SAP R/3 Rel. 750   Sysid: UST      Date: 20220411   Time: 151003   Logon_Data: 400/21717T/E'}
2022-04-11 15:07:16,045 - test_ping_sappyrfc - INFO - Parsing cfg
2022-04-11 15:07:16,045 - test_ping_sappyrfc - INFO - Connecting to SAP RFC...
2022-04-11 15:07:16,150 - test_ping_sappyrfc - INFO - {'ECHOTEXT': 'Hello SAP!', 'RESPTEXT': 'SAP R/3 Rel. 750   Sysid: UST      Date: 20220411   Time: 151218   Logon_Data: 400/21717T/E'}
2022-04-11 15:08:14,568 - test_ping_sappyrfc - INFO - Parsing cfg
2022-04-11 15:08:14,569 - test_ping_sappyrfc - INFO - Connecting to SAP RFC...
2022-04-11 15:08:14,693 - test_ping_sappyrfc - INFO - {'ECHOTEXT': 'Hello SAP!', 'RESPTEXT': 'SAP R/3 Rel. 750   Sysid: UST      Date: 20220411   Time: 151317   Logon_Data: 400/21717T/E'}
2022-04-11 15:11:50,453 - test_ping_sappyrfc - INFO - Parsing cfg
2022-04-11 15:11:50,454 - test_ping_sappyrfc - INFO - Connecting to SAP RFC...
2022-04-11 15:11:50,556 - test_ping_sappyrfc - INFO - {'ECHOTEXT': 'Hello SAP!', 'RESPTEXT': 'SAP R/3 Rel. 750   Sysid: UST      Date: 20220411   Time: 151652   Logon_Data: 400/21717T/E'}
2022-04-11 15:12:06,688 - test_ping_sappyrfc - INFO - Parsing cfg
2022-04-11 15:12:06,689 - test_ping_sappyrfc - INFO - Connecting to SAP RFC...
2022-04-11 15:12:06,819 - test_ping_sappyrfc - INFO - {'ECHOTEXT': 'Hello SAP!', 'RESPTEXT': 'SAP R/3 Rel. 750   Sysid: UST      Date: 20220411   Time: 151709   Logon_Data: 400/21717T/E'}
2022-04-11 15:15:35,715 - test_ping_sappyrfc - INFO - Parsing cfg
2022-04-11 15:15:35,716 - test_ping_sappyrfc - INFO - Connecting to SAP RFC...
2022-04-11 15:15:35,844 - test_ping_sappyrfc - INFO - {'ECHOTEXT': 'Hello SAP!', 'RESPTEXT': 'SAP R/3 Rel. 750   Sysid: UST      Date: 20220411   Time: 152038   Logon_Data: 400/21717T/E'}
2022-04-11 16:20:41,429 - test_ping_sappyrfc - INFO - Parsing cfg
2022-04-11 16:20:41,429 - test_ping_sappyrfc - INFO - Connecting to SAP RFC...
2022-04-11 16:20:41,620 - test_ping_sappyrfc - INFO - {'ECHOTEXT': 'Hello SAP!', 'RESPTEXT': 'SAP R/3 Rel. 750   Sysid: UST      Date: 20220411   Time: 162543   Logon_Data: 400/21717T/E'}
2022-04-11 17:00:26,508 - test_ping_sappyrfc - INFO - Parsing cfg
2022-04-11 17:00:26,509 - test_ping_sappyrfc - INFO - Connecting to SAP RFC...
2022-04-11 17:00:26,847 - test_ping_sappyrfc - INFO - {'ECHOTEXT': 'Hello SAP!', 'RESPTEXT': 'SAP R/3 Rel. 750   Sysid: UST      Date: 20220411   Time: 170529   Logon_Data: 400/21717T/E'}
2022-04-11 17:01:28,285 - test_ping_sappyrfc - INFO - Parsing cfg
2022-04-11 17:01:28,286 - test_ping_sappyrfc - INFO - Connecting to SAP RFC...
2022-04-11 17:01:28,390 - test_ping_sappyrfc - INFO - {'ECHOTEXT': 'Hello SAP!', 'RESPTEXT': 'SAP R/3 Rel. 750   Sysid: UST      Date: 20220411   Time: 170630   Logon_Data: 400/21717T/E'}
2022-04-11 17:02:06,748 - test_ping_sappyrfc - INFO - Parsing cfg
2022-04-11 17:02:06,749 - test_ping_sappyrfc - INFO - Connecting to SAP RFC...
2022-04-11 17:02:06,859 - test_ping_sappyrfc - INFO - {'ECHOTEXT': 'Hello SAP!', 'RESPTEXT': 'SAP R/3 Rel. 750   Sysid: UST      Date: 20220411   Time: 170709   Logon_Data: 400/21717T/E'}
2022-04-11 17:05:35,157 - test_ping_sappyrfc - INFO - Parsing cfg
2022-04-11 17:05:35,157 - test_ping_sappyrfc - INFO - Connecting to SAP RFC...
2022-04-11 17:05:35,310 - test_ping_sappyrfc - INFO - {'ECHOTEXT': 'Hello SAP!', 'RESPTEXT': 'SAP R/3 Rel. 750   Sysid: UST      Date: 20220411   Time: 171037   Logon_Data: 400/21717T/E'}
2022-04-11 17:10:15,887 - test_ping_sappyrfc - INFO - Parsing cfg
2022-04-11 17:10:15,888 - test_ping_sappyrfc - INFO - Connecting to SAP RFC...
2022-04-11 17:10:16,040 - test_ping_sappyrfc - INFO - {'ECHOTEXT': 'Hello SAP!', 'RESPTEXT': 'SAP R/3 Rel. 750   Sysid: UST      Date: 20220411   Time: 171518   Logon_Data: 400/21717T/E'}
2022-04-11 17:10:48,154 - test_ping_sappyrfc - INFO - Parsing cfg
2022-04-11 17:10:48,154 - test_ping_sappyrfc - INFO - Connecting to SAP RFC...
2022-04-11 17:10:48,244 - test_ping_sappyrfc - INFO - {'ECHOTEXT': 'Hello SAP!', 'RESPTEXT': 'SAP R/3 Rel. 750   Sysid: UST      Date: 20220411   Time: 171550   Logon_Data: 400/21717T/E'}
2022-04-11 17:18:55,045 - test_ping_sappyrfc - INFO - Parsing cfg
2022-04-11 17:18:55,045 - test_ping_sappyrfc - INFO - Connecting to SAP RFC...
2022-04-11 17:18:55,208 - test_ping_sappyrfc - INFO - {'ECHOTEXT': 'Hello SAP!', 'RESPTEXT': 'SAP R/3 Rel. 750   Sysid: UST      Date: 20220411   Time: 172357   Logon_Data: 400/21717T/E'}
2022-04-12 12:13:15,854 - test_ping_sappyrfc - INFO - Parsing cfg
2022-04-12 12:13:15,854 - test_ping_sappyrfc - INFO - Connecting to SAP RFC...
2022-04-12 12:13:16,024 - test_ping_sappyrfc - INFO - {'ECHOTEXT': 'Hello SAP!', 'RESPTEXT': 'SAP R/3 Rel. 750   Sysid: UST      Date: 20220412   Time: 121818   Logon_Data: 400/21717T/E'}
2022-04-12 12:52:56,418 - test_ping_sappyrfc - INFO - Parsing cfg
2022-04-12 12:52:56,418 - test_ping_sappyrfc - INFO - Connecting to SAP RFC...
2022-04-12 12:52:56,765 - test_ping_sappyrfc - INFO - {'ECHOTEXT': 'Hello SAP!', 'RESPTEXT': 'SAP R/3 Rel. 750   Sysid: UST      Date: 20220412   Time: 125759   Logon_Data: 400/21717T/E'}
2022-04-12 12:57:04,261 - test_ping_sappyrfc - INFO - Parsing cfg
2022-04-12 12:57:04,261 - test_ping_sappyrfc - INFO - Connecting to SAP RFC...
2022-04-12 12:57:04,445 - test_ping_sappyrfc - INFO - {'ECHOTEXT': 'Hello SAP!', 'RESPTEXT': 'SAP R/3 Rel. 750   Sysid: UST      Date: 20220412   Time: 130207   Logon_Data: 400/21717T/E'}
2022-04-12 12:57:16,648 - test_ping_sappyrfc - INFO - Parsing cfg
2022-04-12 12:57:16,648 - test_ping_sappyrfc - INFO - Connecting to SAP RFC...
2022-04-12 12:57:16,758 - test_ping_sappyrfc - INFO - {'ECHOTEXT': 'Hello SAP!', 'RESPTEXT': 'SAP R/3 Rel. 750   Sysid: UST      Date: 20220412   Time: 130219   Logon_Data: 400/21717T/E'}
2022-04-12 13:07:03,620 - test_ping_sappyrfc - INFO - Parsing cfg
2022-04-12 13:07:03,620 - test_ping_sappyrfc - INFO - Connecting to SAP RFC...
2022-04-12 13:07:03,717 - test_ping_sappyrfc - INFO - {'ECHOTEXT': 'Hello SAP!', 'RESPTEXT': 'SAP R/3 Rel. 750   Sysid: UST      Date: 20220412   Time: 131206   Logon_Data: 400/21717T/E'}
2022-04-12 13:08:55,866 - test_ping_sappyrfc - INFO - Parsing cfg
2022-04-12 13:08:55,866 - test_ping_sappyrfc - INFO - Connecting to SAP RFC...
2022-04-12 13:08:55,952 - test_ping_sappyrfc - INFO - {'ECHOTEXT': 'Hello SAP!', 'RESPTEXT': 'SAP R/3 Rel. 750   Sysid: UST      Date: 20220412   Time: 131358   Logon_Data: 400/21717T/E'}
2022-04-12 13:14:10,157 - test_ping_sappyrfc - INFO - Parsing cfg
2022-04-12 13:14:10,158 - test_ping_sappyrfc - INFO - Connecting to SAP RFC...
2022-04-12 13:14:10,247 - test_ping_sappyrfc - INFO - {'ECHOTEXT': 'Hello SAP!', 'RESPTEXT': 'SAP R/3 Rel. 750   Sysid: UST      Date: 20220412   Time: 131913   Logon_Data: 400/21717T/E'}
2022-04-12 13:15:48,577 - test_ping_sappyrfc - INFO - Parsing cfg
2022-04-12 13:15:48,577 - test_ping_sappyrfc - INFO - Connecting to SAP RFC...
2022-04-12 13:15:48,663 - test_ping_sappyrfc - INFO - {'ECHOTEXT': 'Hello SAP!', 'RESPTEXT': 'SAP R/3 Rel. 750   Sysid: UST      Date: 20220412   Time: 132051   Logon_Data: 400/21717T/E'}
2022-04-12 13:18:36,459 - test_ping_sappyrfc - INFO - Parsing cfg
2022-04-12 13:18:36,460 - test_ping_sappyrfc - INFO - Connecting to SAP RFC...
2022-04-12 13:18:36,546 - test_ping_sappyrfc - INFO - {'ECHOTEXT': 'Hello SAP!', 'RESPTEXT': 'SAP R/3 Rel. 750   Sysid: UST      Date: 20220412   Time: 132339   Logon_Data: 400/21717T/E'}
2022-04-12 13:21:01,471 - test_ping_sappyrfc - INFO - Parsing cfg
2022-04-12 13:21:01,472 - test_ping_sappyrfc - INFO - Connecting to SAP RFC...
2022-04-12 13:21:01,556 - test_ping_sappyrfc - INFO - {'ECHOTEXT': 'Hello SAP!', 'RESPTEXT': 'SAP R/3 Rel. 750   Sysid: UST      Date: 20220412   Time: 132604   Logon_Data: 400/21717T/E'}
2022-04-12 13:21:50,026 - test_ping_sappyrfc - INFO - Parsing cfg
2022-04-12 13:21:50,026 - test_ping_sappyrfc - INFO - Connecting to SAP RFC...
2022-04-12 13:21:50,128 - test_ping_sappyrfc - INFO - {'ECHOTEXT': 'Hello SAP!', 'RESPTEXT': 'SAP R/3 Rel. 750   Sysid: UST      Date: 20220412   Time: 132652   Logon_Data: 400/21717T/E'}
2022-04-12 15:04:21,281 - test_ping_sappyrfc - INFO - Parsing cfg
2022-04-12 15:04:21,281 - test_ping_sappyrfc - INFO - Connecting to SAP RFC...
2022-04-12 15:04:21,390 - test_ping_sappyrfc - INFO - {'ECHOTEXT': 'Hello SAP!', 'RESPTEXT': 'SAP R/3 Rel. 750   Sysid: UST      Date: 20220412   Time: 150924   Logon_Data: 400/21717T/E'}
2022-04-12 15:51:14,779 - test_ping_sappyrfc - INFO - Parsing cfg
2022-04-12 15:51:14,779 - test_ping_sappyrfc - INFO - Connecting to SAP RFC...
2022-04-12 15:51:14,878 - test_ping_sappyrfc - INFO - {'ECHOTEXT': 'Hello SAP!', 'RESPTEXT': 'SAP R/3 Rel. 750   Sysid: UST      Date: 20220412   Time: 155617   Logon_Data: 400/21717T/E'}
2022-04-12 16:03:46,377 - test_ping_sappyrfc - INFO - Parsing cfg
2022-04-12 16:03:46,377 - test_ping_sappyrfc - INFO - Connecting to SAP RFC...
2022-04-12 16:03:46,560 - test_ping_sappyrfc - INFO - {'ECHOTEXT': 'Hello SAP!', 'RESPTEXT': 'SAP R/3 Rel. 750   Sysid: UST      Date: 20220412   Time: 160849   Logon_Data: 400/21717T/E'}
2022-04-12 16:04:24,481 - test_ping_sappyrfc - INFO - Parsing cfg
2022-04-12 16:04:24,482 - test_ping_sappyrfc - INFO - Connecting to SAP RFC...
2022-04-12 16:04:24,569 - test_ping_sappyrfc - INFO - {'ECHOTEXT': 'Hello SAP!', 'RESPTEXT': 'SAP R/3 Rel. 750   Sysid: UST      Date: 20220412   Time: 160927   Logon_Data: 400/21717T/E'}
2022-04-12 16:04:56,100 - test_ping_sappyrfc - INFO - Parsing cfg
2022-04-12 16:04:56,100 - test_ping_sappyrfc - INFO - Connecting to SAP RFC...
2022-04-12 16:04:56,183 - test_ping_sappyrfc - INFO - {'ECHOTEXT': 'Hello SAP!', 'RESPTEXT': 'SAP R/3 Rel. 750   Sysid: UST      Date: 20220412   Time: 160959   Logon_Data: 400/21717T/E'}
2022-04-12 17:51:35,861 - test_ping_sappyrfc - INFO - Parsing cfg
2022-04-12 17:51:35,861 - test_ping_sappyrfc - INFO - Connecting to SAP RFC...
2022-04-12 17:51:36,053 - test_ping_sappyrfc - INFO - {'ECHOTEXT': 'Hello SAP!', 'RESPTEXT': 'SAP R/3 Rel. 750   Sysid: UST      Date: 20220412   Time: 175638   Logon_Data: 400/21717T/E'}
2022-04-12 18:04:42,899 - test_ping_sappyrfc - INFO - Parsing cfg
2022-04-12 18:04:42,899 - test_ping_sappyrfc - INFO - Connecting to SAP RFC...
2022-04-12 18:04:43,068 - test_ping_sappyrfc - INFO - {'ECHOTEXT': 'Hello SAP!', 'RESPTEXT': 'SAP R/3 Rel. 750   Sysid: UST      Date: 20220412   Time: 180945   Logon_Data: 400/21717T/E'}
2022-04-12 18:07:08,117 - test_ping_sappyrfc - INFO - Parsing cfg
2022-04-12 18:07:08,118 - test_ping_sappyrfc - INFO - Connecting to SAP RFC...
2022-04-12 18:07:08,217 - test_ping_sappyrfc - INFO - {'ECHOTEXT': 'Hello SAP!', 'RESPTEXT': 'SAP R/3 Rel. 750   Sysid: UST      Date: 20220412   Time: 181211   Logon_Data: 400/21717T/E'}
2022-04-12 18:09:54,809 - test_ping_sappyrfc - INFO - Parsing cfg
2022-04-12 18:09:54,810 - test_ping_sappyrfc - INFO - Connecting to SAP RFC...
2022-04-12 18:09:54,909 - test_ping_sappyrfc - INFO - {'ECHOTEXT': 'Hello SAP!', 'RESPTEXT': 'SAP R/3 Rel. 750   Sysid: UST      Date: 20220412   Time: 181457   Logon_Data: 400/21717T/E'}
2022-04-12 18:13:37,736 - test_ping_sappyrfc - INFO - Parsing cfg
2022-04-12 18:13:37,736 - test_ping_sappyrfc - INFO - Connecting to SAP RFC...
2022-04-12 18:13:37,828 - test_ping_sappyrfc - INFO - {'ECHOTEXT': 'Hello SAP!', 'RESPTEXT': 'SAP R/3 Rel. 750   Sysid: UST      Date: 20220412   Time: 181840   Logon_Data: 400/21717T/E'}
2022-04-14 15:48:59,380 - test_ping_sappyrfc - INFO - Parsing cfg
2022-04-14 15:48:59,381 - test_ping_sappyrfc - INFO - Connecting to SAP RFC...
2022-04-14 15:48:59,551 - test_ping_sappyrfc - INFO - {'ECHOTEXT': 'Hello SAP!', 'RESPTEXT': 'SAP R/3 Rel. 750   Sysid: UST      Date: 20220414   Time: 155402   Logon_Data: 400/21717T/E'}
2022-04-14 15:50:35,465 - test_ping_sappyrfc - INFO - Parsing cfg
2022-04-14 15:50:35,466 - test_ping_sappyrfc - INFO - Connecting to SAP RFC...
2022-04-14 15:50:35,577 - test_ping_sappyrfc - INFO - {'ECHOTEXT': 'Hello SAP!', 'RESPTEXT': 'SAP R/3 Rel. 750   Sysid: UST      Date: 20220414   Time: 155538   Logon_Data: 400/21717T/E'}
2022-04-14 15:50:59,749 - test_ping_sappyrfc - INFO - Parsing cfg
2022-04-14 15:50:59,749 - test_ping_sappyrfc - INFO - Connecting to SAP RFC...
2022-04-14 15:50:59,837 - test_ping_sappyrfc - INFO - {'ECHOTEXT': 'Hello SAP!', 'RESPTEXT': 'SAP R/3 Rel. 750   Sysid: UST      Date: 20220414   Time: 155602   Logon_Data: 400/21717T/E'}
2022-04-14 16:21:43,613 - test_ping_sappyrfc - INFO - Parsing cfg
2022-04-14 16:21:43,614 - test_ping_sappyrfc - INFO - Connecting to SAP RFC...
2022-04-14 16:21:43,807 - test_ping_sappyrfc - INFO - {'ECHOTEXT': 'Hello SAP!', 'RESPTEXT': 'SAP R/3 Rel. 750   Sysid: UST      Date: 20220414   Time: 162646   Logon_Data: 400/21717T/E'}
2022-04-14 16:25:03,642 - test_ping_sappyrfc - INFO - Parsing cfg
2022-04-14 16:25:03,643 - test_ping_sappyrfc - INFO - Connecting to SAP RFC...
2022-04-14 16:25:03,822 - test_ping_sappyrfc - INFO - {'ECHOTEXT': 'Hello SAP!', 'RESPTEXT': 'SAP R/3 Rel. 750   Sysid: UST      Date: 20220414   Time: 163006   Logon_Data: 400/21717T/E'}
2022-04-14 16:54:20,102 - test_ping_sappyrfc - INFO - Parsing cfg
2022-04-14 16:54:20,103 - test_ping_sappyrfc - INFO - Connecting to SAP RFC...
2022-04-14 16:54:20,297 - test_ping_sappyrfc - INFO - {'ECHOTEXT': 'Hello SAP!', 'RESPTEXT': 'SAP R/3 Rel. 750   Sysid: UST      Date: 20220414   Time: 165923   Logon_Data: 400/21717T/E'}
2022-04-14 17:03:21,901 - test_ping_sappyrfc - INFO - Parsing cfg
2022-04-14 17:03:21,901 - test_ping_sappyrfc - INFO - Connecting to SAP RFC...
2022-04-14 17:03:22,081 - test_ping_sappyrfc - INFO - {'ECHOTEXT': 'Hello SAP!', 'RESPTEXT': 'SAP R/3 Rel. 750   Sysid: UST      Date: 20220414   Time: 170824   Logon_Data: 400/21717T/E'}
2022-04-14 17:05:48,822 - test_ping_sappyrfc - INFO - Parsing cfg
2022-04-14 17:05:48,822 - test_ping_sappyrfc - INFO - Connecting to SAP RFC...
2022-04-14 17:05:48,989 - test_ping_sappyrfc - INFO - {'ECHOTEXT': 'Hello SAP!', 'RESPTEXT': 'SAP R/3 Rel. 750   Sysid: UST      Date: 20220414   Time: 171051   Logon_Data: 400/21717T/E'}
2022-04-14 17:09:37,093 - test_ping_sappyrfc - INFO - Parsing cfg
2022-04-14 17:09:37,093 - test_ping_sappyrfc - INFO - Connecting to SAP RFC...
2022-04-14 17:09:37,179 - test_ping_sappyrfc - INFO - {'ECHOTEXT': 'Hello SAP!', 'RESPTEXT': 'SAP R/3 Rel. 750   Sysid: UST      Date: 20220414   Time: 171439   Logon_Data: 400/21717T/E'}
2022-04-14 23:35:34,683 - test_ping_sappyrfc - INFO - Parsing cfg
2022-04-14 23:35:34,684 - test_ping_sappyrfc - INFO - Connecting to SAP RFC...
2022-04-14 23:35:34,861 - test_ping_sappyrfc - INFO - {'ECHOTEXT': 'Hello SAP!', 'RESPTEXT': 'SAP R/3 Rel. 750   Sysid: UST      Date: 20220414   Time: 234037   Logon_Data: 400/21717T/E'}
2022-04-15 00:34:09,567 - test_ping_sappyrfc - INFO - Parsing cfg
2022-04-15 00:34:09,568 - test_ping_sappyrfc - INFO - Connecting to SAP RFC...
2022-04-15 00:34:09,739 - test_ping_sappyrfc - INFO - {'ECHOTEXT': 'Hello SAP!', 'RESPTEXT': 'SAP R/3 Rel. 750   Sysid: UST      Date: 20220415   Time: 003912   Logon_Data: 400/21717T/E'}
2022-04-15 00:34:33,983 - test_ping_sappyrfc - INFO - Parsing cfg
2022-04-15 00:34:33,984 - test_ping_sappyrfc - INFO - Connecting to SAP RFC...
2022-04-15 00:34:34,111 - test_ping_sappyrfc - INFO - {'ECHOTEXT': 'Hello SAP!', 'RESPTEXT': 'SAP R/3 Rel. 750   Sysid: UST      Date: 20220415   Time: 003936   Logon_Data: 400/21717T/E'}
2022-04-15 09:03:54,074 - test_ping_sappyrfc - INFO - Parsing cfg
2022-04-15 09:03:54,074 - test_ping_sappyrfc - INFO - Connecting to SAP RFC...
2022-04-15 09:03:54,241 - test_ping_sappyrfc - INFO - {'ECHOTEXT': 'Hello SAP!', 'RESPTEXT': 'SAP R/3 Rel. 750   Sysid: UST      Date: 20220415   Time: 090857   Logon_Data: 400/21717T/E'}
2022-04-15 10:53:40,638 - test_ping_sappyrfc - INFO - Parsing cfg
2022-04-15 10:53:40,639 - test_ping_sappyrfc - INFO - Connecting to SAP RFC...
2022-04-15 10:53:40,834 - test_ping_sappyrfc - INFO - {'ECHOTEXT': 'Hello SAP!', 'RESPTEXT': 'SAP R/3 Rel. 750   Sysid: UST      Date: 20220415   Time: 105844   Logon_Data: 400/21717T/E'}
2022-04-15 10:58:35,004 - test_ping_sappyrfc - INFO - Parsing cfg
2022-04-15 10:58:35,004 - test_ping_sappyrfc - INFO - Connecting to SAP RFC...
2022-04-15 10:58:35,187 - test_ping_sappyrfc - INFO - {'ECHOTEXT': 'Hello SAP!', 'RESPTEXT': 'SAP R/3 Rel. 750   Sysid: UST      Date: 20220415   Time: 110338   Logon_Data: 400/21717T/E'}
2022-04-15 11:01:50,167 - test_ping_sappyrfc - INFO - Parsing cfg
2022-04-15 11:01:50,168 - test_ping_sappyrfc - INFO - Connecting to SAP RFC...
2022-04-15 11:01:50,261 - test_ping_sappyrfc - INFO - {'ECHOTEXT': 'Hello SAP!', 'RESPTEXT': 'SAP R/3 Rel. 750   Sysid: UST      Date: 20220415   Time: 110653   Logon_Data: 400/21717T/E'}
2022-04-15 11:03:22,059 - test_ping_sappyrfc - INFO - Parsing cfg
2022-04-15 11:03:22,059 - test_ping_sappyrfc - INFO - Connecting to SAP RFC...
2022-04-15 11:03:22,148 - test_ping_sappyrfc - INFO - {'ECHOTEXT': 'Hello SAP!', 'RESPTEXT': 'SAP R/3 Rel. 750   Sysid: UST      Date: 20220415   Time: 110825   Logon_Data: 400/21717T/E'}
2022-04-15 11:07:06,339 - test_ping_sappyrfc - INFO - Parsing cfg
2022-04-15 11:07:06,340 - test_ping_sappyrfc - INFO - Connecting to SAP RFC...
2022-04-15 11:07:06,472 - test_ping_sappyrfc - INFO - {'ECHOTEXT': 'Hello SAP!', 'RESPTEXT': 'SAP R/3 Rel. 750   Sysid: UST      Date: 20220415   Time: 111209   Logon_Data: 400/21717T/E'}
2022-04-16 08:47:15,825 - test_ping_sappyrfc - INFO - Parsing cfg
2022-04-16 08:47:15,825 - test_ping_sappyrfc - INFO - Connecting to SAP RFC...
2022-04-16 08:47:15,999 - test_ping_sappyrfc - INFO - {'ECHOTEXT': 'Hello SAP!', 'RESPTEXT': 'SAP R/3 Rel. 750   Sysid: UST      Date: 20220416   Time: 085222   Logon_Data: 400/21717T/E'}
2022-04-16 08:49:37,496 - test_ping_sappyrfc - INFO - Parsing cfg
2022-04-16 08:49:37,497 - test_ping_sappyrfc - INFO - Connecting to SAP RFC...
2022-04-16 08:49:37,586 - test_ping_sappyrfc - INFO - {'ECHOTEXT': 'Hello SAP!', 'RESPTEXT': 'SAP R/3 Rel. 750   Sysid: UST      Date: 20220416   Time: 085444   Logon_Data: 400/21717T/E'}
2022-04-16 09:14:48,473 - test_ping_sappyrfc - INFO - Parsing cfg
2022-04-16 09:14:48,473 - test_ping_sappyrfc - INFO - Connecting to SAP RFC...
2022-04-16 09:14:48,563 - test_ping_sappyrfc - INFO - {'ECHOTEXT': 'Hello SAP!', 'RESPTEXT': 'SAP R/3 Rel. 750   Sysid: UST      Date: 20220416   Time: 091955   Logon_Data: 400/21717T/E'}
2022-04-16 09:20:21,259 - test_ping_sappyrfc - INFO - Parsing cfg
2022-04-16 09:20:21,259 - test_ping_sappyrfc - INFO - Connecting to SAP RFC...
2022-04-16 09:20:21,351 - test_ping_sappyrfc - INFO - {'ECHOTEXT': 'Hello SAP!', 'RESPTEXT': 'SAP R/3 Rel. 750   Sysid: UST      Date: 20220416   Time: 092528   Logon_Data: 400/21717T/E'}
2022-04-16 09:24:01,486 - test_ping_sappyrfc - INFO - Parsing cfg
2022-04-16 09:24:01,486 - test_ping_sappyrfc - INFO - Connecting to SAP RFC...
2022-04-16 09:24:01,573 - test_ping_sappyrfc - INFO - {'ECHOTEXT': 'Hello SAP!', 'RESPTEXT': 'SAP R/3 Rel. 750   Sysid: UST      Date: 20220416   Time: 092908   Logon_Data: 400/21717T/E'}
2022-04-16 09:27:49,380 - test_ping_sappyrfc - INFO - Parsing cfg
2022-04-16 09:27:49,380 - test_ping_sappyrfc - INFO - Connecting to SAP RFC...
2022-04-16 09:27:49,471 - test_ping_sappyrfc - INFO - {'ECHOTEXT': 'Hello SAP!', 'RESPTEXT': 'SAP R/3 Rel. 750   Sysid: UST      Date: 20220416   Time: 093256   Logon_Data: 400/21717T/E'}
2022-04-16 09:49:07,969 - test_ping_sappyrfc - INFO - Parsing cfg
2022-04-16 09:49:07,969 - test_ping_sappyrfc - INFO - Connecting to SAP RFC...
2022-04-16 09:49:08,060 - test_ping_sappyrfc - INFO - {'ECHOTEXT': 'Hello SAP!', 'RESPTEXT': 'SAP R/3 Rel. 750   Sysid: UST      Date: 20220416   Time: 095415   Logon_Data: 400/21717T/E'}
2022-04-16 09:50:55,457 - test_ping_sappyrfc - INFO - Parsing cfg
2022-04-16 09:50:55,458 - test_ping_sappyrfc - INFO - Connecting to SAP RFC...
2022-04-16 09:50:55,547 - test_ping_sappyrfc - INFO - {'ECHOTEXT': 'Hello SAP!', 'RESPTEXT': 'SAP R/3 Rel. 750   Sysid: UST      Date: 20220416   Time: 095602   Logon_Data: 400/21717T/E'}
2022-04-16 09:55:47,914 - test_ping_sappyrfc - INFO - Parsing cfg
2022-04-16 09:55:47,914 - test_ping_sappyrfc - INFO - Connecting to SAP RFC...
2022-04-16 09:55:48,031 - test_ping_sappyrfc - INFO - {'ECHOTEXT': 'Hello SAP!', 'RESPTEXT': 'SAP R/3 Rel. 750   Sysid: UST      Date: 20220416   Time: 100055   Logon_Data: 400/21717T/E'}
2022-04-16 09:57:26,409 - test_ping_sappyrfc - INFO - Parsing cfg
2022-04-16 09:57:26,409 - test_ping_sappyrfc - INFO - Connecting to SAP RFC...
2022-04-16 09:57:26,499 - test_ping_sappyrfc - INFO - {'ECHOTEXT': 'Hello SAP!', 'RESPTEXT': 'SAP R/3 Rel. 750   Sysid: UST      Date: 20220416   Time: 100233   Logon_Data: 400/21717T/E'}
2022-04-16 10:05:58,950 - test_ping_sappyrfc - INFO - Parsing cfg
2022-04-16 10:05:58,950 - test_ping_sappyrfc - INFO - Connecting to SAP RFC...
2022-04-16 10:05:59,038 - test_ping_sappyrfc - INFO - {'ECHOTEXT': 'Hello SAP!', 'RESPTEXT': 'SAP R/3 Rel. 750   Sysid: UST      Date: 20220416   Time: 101106   Logon_Data: 400/21717T/E'}
2022-04-16 10:06:12,222 - test_ping_sappyrfc - INFO - Parsing cfg
2022-04-16 10:06:12,223 - test_ping_sappyrfc - INFO - Connecting to SAP RFC...
2022-04-16 10:06:12,318 - test_ping_sappyrfc - INFO - {'ECHOTEXT': 'Hello SAP!', 'RESPTEXT': 'SAP R/3 Rel. 750   Sysid: UST      Date: 20220416   Time: 101119   Logon_Data: 400/21717T/E'}
2022-04-16 10:47:15,768 - test_ping_sappyrfc - INFO - Parsing cfg
2022-04-16 10:47:15,768 - test_ping_sappyrfc - INFO - Connecting to SAP RFC...
2022-04-16 10:47:15,865 - test_ping_sappyrfc - INFO - {'ECHOTEXT': 'Hello SAP!', 'RESPTEXT': 'SAP R/3 Rel. 750   Sysid: UST      Date: 20220416   Time: 105222   Logon_Data: 400/21717T/E'}
2022-04-16 10:52:03,631 - test_ping_sappyrfc - INFO - Parsing cfg
2022-04-16 10:52:03,631 - test_ping_sappyrfc - INFO - Connecting to SAP RFC...
2022-04-16 10:52:03,717 - test_ping_sappyrfc - INFO - {'ECHOTEXT': 'Hello SAP!', 'RESPTEXT': 'SAP R/3 Rel. 750   Sysid: UST      Date: 20220416   Time: 105710   Logon_Data: 400/21717T/E'}
2022-04-16 10:53:55,968 - test_ping_sappyrfc - INFO - Parsing cfg
2022-04-16 10:53:55,968 - test_ping_sappyrfc - INFO - Connecting to SAP RFC...
2022-04-16 10:53:56,159 - test_ping_sappyrfc - INFO - {'ECHOTEXT': 'Hello SAP!', 'RESPTEXT': 'SAP R/3 Rel. 750   Sysid: UST      Date: 20220416   Time: 105903   Logon_Data: 400/21717T/E'}
2022-04-16 11:03:28,279 - test_ping_sappyrfc - INFO - Parsing cfg
2022-04-16 11:03:28,279 - test_ping_sappyrfc - INFO - Connecting to SAP RFC...
2022-04-16 11:03:28,480 - test_ping_sappyrfc - INFO - {'ECHOTEXT': 'Hello SAP!', 'RESPTEXT': 'SAP R/3 Rel. 750   Sysid: UST      Date: 20220416   Time: 110835   Logon_Data: 400/21717T/E'}
2022-04-16 11:06:47,158 - test_ping_sappyrfc - INFO - Parsing cfg
2022-04-16 11:06:47,159 - test_ping_sappyrfc - INFO - Connecting to SAP RFC...
2022-04-16 11:06:47,258 - test_ping_sappyrfc - INFO - {'ECHOTEXT': 'Hello SAP!', 'RESPTEXT': 'SAP R/3 Rel. 750   Sysid: UST      Date: 20220416   Time: 111154   Logon_Data: 400/21717T/E'}
2022-04-16 11:09:24,730 - test_ping_sappyrfc - INFO - Parsing cfg
2022-04-16 11:09:24,730 - test_ping_sappyrfc - INFO - Connecting to SAP RFC...
2022-04-16 11:09:24,821 - test_ping_sappyrfc - INFO - {'ECHOTEXT': 'Hello SAP!', 'RESPTEXT': 'SAP R/3 Rel. 750   Sysid: UST      Date: 20220416   Time: 111431   Logon_Data: 400/21717T/E'}
2022-04-16 11:15:23,720 - test_ping_sappyrfc - INFO - Parsing cfg
2022-04-16 11:15:23,720 - test_ping_sappyrfc - INFO - Connecting to SAP RFC...
2022-04-16 11:15:23,807 - test_ping_sappyrfc - INFO - {'ECHOTEXT': 'Hello SAP!', 'RESPTEXT': 'SAP R/3 Rel. 750   Sysid: UST      Date: 20220416   Time: 112030   Logon_Data: 400/21717T/E'}
2022-04-16 11:17:19,780 - test_ping_sappyrfc - INFO - Parsing cfg
2022-04-16 11:17:19,781 - test_ping_sappyrfc - INFO - Connecting to SAP RFC...
2022-04-16 11:17:19,867 - test_ping_sappyrfc - INFO - {'ECHOTEXT': 'Hello SAP!', 'RESPTEXT': 'SAP R/3 Rel. 750   Sysid: UST      Date: 20220416   Time: 112226   Logon_Data: 400/21717T/E'}
2022-04-16 11:19:00,193 - test_ping_sappyrfc - INFO - Parsing cfg
2022-04-16 11:19:00,193 - test_ping_sappyrfc - INFO - Connecting to SAP RFC...
2022-04-16 11:19:00,304 - test_ping_sappyrfc - INFO - {'ECHOTEXT': 'Hello SAP!', 'RESPTEXT': 'SAP R/3 Rel. 750   Sysid: UST      Date: 20220416   Time: 112407   Logon_Data: 400/21717T/E'}
2022-04-16 11:37:53,625 - test_ping_sappyrfc - INFO - Parsing cfg
2022-04-16 11:37:53,625 - test_ping_sappyrfc - INFO - Connecting to SAP RFC...
2022-04-16 11:37:53,735 - test_ping_sappyrfc - INFO - {'ECHOTEXT': 'Hello SAP!', 'RESPTEXT': 'SAP R/3 Rel. 750   Sysid: UST      Date: 20220416   Time: 114300   Logon_Data: 400/21717T/E'}
2022-04-16 12:19:03,774 - test_ping_sappyrfc - INFO - Parsing cfg
2022-04-16 12:19:03,775 - test_ping_sappyrfc - INFO - Connecting to SAP RFC...
2022-04-16 12:19:03,945 - test_ping_sappyrfc - INFO - {'ECHOTEXT': 'Hello SAP!', 'RESPTEXT': 'SAP R/3 Rel. 750   Sysid: UST      Date: 20220416   Time: 122410   Logon_Data: 400/21717T/E'}
2022-04-16 12:53:25,298 - test_ping_sappyrfc - INFO - Parsing cfg
2022-04-16 12:53:25,298 - test_ping_sappyrfc - INFO - Connecting to SAP RFC...
2022-04-16 12:53:25,464 - test_ping_sappyrfc - INFO - {'ECHOTEXT': 'Hello SAP!', 'RESPTEXT': 'SAP R/3 Rel. 750   Sysid: UST      Date: 20220416   Time: 125832   Logon_Data: 400/21717T/E'}
2022-04-16 13:12:00,732 - test_ping_sappyrfc - INFO - Parsing cfg
2022-04-16 13:12:00,732 - test_ping_sappyrfc - INFO - Connecting to SAP RFC...
2022-04-16 13:12:00,897 - test_ping_sappyrfc - INFO - {'ECHOTEXT': 'Hello SAP!', 'RESPTEXT': 'SAP R/3 Rel. 750   Sysid: UST      Date: 20220416   Time: 131707   Logon_Data: 400/21717T/E'}
2022-04-16 13:12:17,202 - test_ping_sappyrfc - INFO - Parsing cfg
2022-04-16 13:12:17,203 - test_ping_sappyrfc - INFO - Connecting to SAP RFC...
2022-04-16 13:12:17,291 - test_ping_sappyrfc - INFO - {'ECHOTEXT': 'Hello SAP!', 'RESPTEXT': 'SAP R/3 Rel. 750   Sysid: UST      Date: 20220416   Time: 131724   Logon_Data: 400/21717T/E'}
2022-04-16 15:38:11,851 - test_ping_sappyrfc - INFO - Parsing cfg
2022-04-16 15:38:11,851 - test_ping_sappyrfc - INFO - Connecting to SAP RFC...
2022-04-16 15:38:12,022 - test_ping_sappyrfc - INFO - {'ECHOTEXT': 'Hello SAP!', 'RESPTEXT': 'SAP R/3 Rel. 750   Sysid: UST      Date: 20220416   Time: 154318   Logon_Data: 400/21717T/E'}
2022-04-16 20:04:05,066 - test_ping_sappyrfc - INFO - Parsing cfg
2022-04-16 20:04:05,066 - test_ping_sappyrfc - INFO - Connecting to SAP RFC...
2022-04-16 20:04:05,227 - test_ping_sappyrfc - INFO - {'ECHOTEXT': 'Hello SAP!', 'RESPTEXT': 'SAP R/3 Rel. 750   Sysid: UST      Date: 20220416   Time: 200912   Logon_Data: 400/21717T/E'}
2022-04-16 20:07:53,181 - test_ping_sappyrfc - INFO - Parsing cfg
2022-04-16 20:07:53,181 - test_ping_sappyrfc - INFO - Connecting to SAP RFC...
2022-04-16 20:07:53,273 - test_ping_sappyrfc - INFO - {'ECHOTEXT': 'Hello SAP!', 'RESPTEXT': 'SAP R/3 Rel. 750   Sysid: UST      Date: 20220416   Time: 201300   Logon_Data: 400/21717T/E'}
2022-04-16 20:09:47,247 - test_ping_sappyrfc - INFO - Parsing cfg
2022-04-16 20:09:47,247 - test_ping_sappyrfc - INFO - Connecting to SAP RFC...
2022-04-16 20:09:47,337 - test_ping_sappyrfc - INFO - {'ECHOTEXT': 'Hello SAP!', 'RESPTEXT': 'SAP R/3 Rel. 750   Sysid: UST      Date: 20220416   Time: 201454   Logon_Data: 400/21717T/E'}
2022-04-16 20:09:53,902 - test_ping_sappyrfc - INFO - Parsing cfg
2022-04-16 20:09:53,902 - test_ping_sappyrfc - INFO - Connecting to SAP RFC...
2022-04-16 20:09:53,993 - test_ping_sappyrfc - INFO - {'ECHOTEXT': 'Hello SAP!', 'RESPTEXT': 'SAP R/3 Rel. 750   Sysid: UST      Date: 20220416   Time: 201500   Logon_Data: 400/21717T/E'}
2022-04-16 20:11:16,351 - test_ping_sappyrfc - INFO - Parsing cfg
2022-04-16 20:11:16,352 - test_ping_sappyrfc - INFO - Connecting to SAP RFC...
2022-04-16 20:11:16,440 - test_ping_sappyrfc - INFO - {'ECHOTEXT': 'Hello SAP!', 'RESPTEXT': 'SAP R/3 Rel. 750   Sysid: UST      Date: 20220416   Time: 201623   Logon_Data: 400/21717T/E'}
2022-04-16 20:12:59,887 - test_ping_sappyrfc - INFO - Parsing cfg
2022-04-16 20:12:59,888 - test_ping_sappyrfc - INFO - Connecting to SAP RFC...
2022-04-16 20:12:59,973 - test_ping_sappyrfc - INFO - {'ECHOTEXT': 'Hello SAP!', 'RESPTEXT': 'SAP R/3 Rel. 750   Sysid: UST      Date: 20220416   Time: 201806   Logon_Data: 400/21717T/E'}
2022-04-16 20:19:14,105 - test_ping_sappyrfc - INFO - Parsing cfg
2022-04-16 20:19:14,105 - test_ping_sappyrfc - INFO - Connecting to SAP RFC...
2022-04-16 20:19:14,196 - test_ping_sappyrfc - INFO - {'ECHOTEXT': 'Hello SAP!', 'RESPTEXT': 'SAP R/3 Rel. 750   Sysid: UST      Date: 20220416   Time: 202421   Logon_Data: 400/21717T/E'}
2022-04-16 20:22:40,142 - test_ping_sappyrfc - INFO - Parsing cfg
2022-04-16 20:22:40,142 - test_ping_sappyrfc - INFO - Connecting to SAP RFC...
2022-04-16 20:22:40,229 - test_ping_sappyrfc - INFO - {'ECHOTEXT': 'Hello SAP!', 'RESPTEXT': 'SAP R/3 Rel. 750   Sysid: UST      Date: 20220416   Time: 202747   Logon_Data: 400/21717T/E'}
2022-04-16 20:25:51,597 - test_ping_sappyrfc - INFO - Parsing cfg
2022-04-16 20:25:51,598 - test_ping_sappyrfc - INFO - Connecting to SAP RFC...
2022-04-16 20:25:51,705 - test_ping_sappyrfc - INFO - {'ECHOTEXT': 'Hello SAP!', 'RESPTEXT': 'SAP R/3 Rel. 750   Sysid: UST      Date: 20220416   Time: 203058   Logon_Data: 400/21717T/E'}
2022-04-16 20:29:15,728 - test_ping_sappyrfc - INFO - Parsing cfg
2022-04-16 20:29:15,728 - test_ping_sappyrfc - INFO - Connecting to SAP RFC...
2022-04-16 20:29:15,816 - test_ping_sappyrfc - INFO - {'ECHOTEXT': 'Hello SAP!', 'RESPTEXT': 'SAP R/3 Rel. 750   Sysid: UST      Date: 20220416   Time: 203422   Logon_Data: 400/21717T/E'}
2022-04-16 23:07:53,041 - test_ping_sappyrfc - INFO - Parsing cfg
2022-04-16 23:07:53,042 - test_ping_sappyrfc - INFO - Connecting to SAP RFC...
2022-04-16 23:07:53,214 - test_ping_sappyrfc - INFO - {'ECHOTEXT': 'Hello SAP!', 'RESPTEXT': 'SAP R/3 Rel. 750   Sysid: UST      Date: 20220416   Time: 231300   Logon_Data: 400/21717T/E'}
2022-04-18 00:49:53,771 - test_ping_sappyrfc - INFO - Parsing cfg
2022-04-18 00:49:53,771 - test_ping_sappyrfc - INFO - Connecting to SAP RFC...
2022-04-18 00:49:53,953 - test_ping_sappyrfc - INFO - {'ECHOTEXT': 'Hello SAP!', 'RESPTEXT': 'SAP R/3 Rel. 750   Sysid: UST      Date: 20220418   Time: 005501   Logon_Data: 400/21717T/E'}
2022-04-18 00:55:31,853 - test_ping_sappyrfc - INFO - Parsing cfg
2022-04-18 00:55:31,853 - test_ping_sappyrfc - INFO - Connecting to SAP RFC...
2022-04-18 00:55:31,943 - test_ping_sappyrfc - INFO - {'ECHOTEXT': 'Hello SAP!', 'RESPTEXT': 'SAP R/3 Rel. 750   Sysid: UST      Date: 20220418   Time: 010039   Logon_Data: 400/21717T/E'}
2022-04-18 00:57:46,310 - test_ping_sappyrfc - INFO - Parsing cfg
2022-04-18 00:57:46,310 - test_ping_sappyrfc - INFO - Connecting to SAP RFC...
2022-04-18 00:57:46,438 - test_ping_sappyrfc - INFO - {'ECHOTEXT': 'Hello SAP!', 'RESPTEXT': 'SAP R/3 Rel. 750   Sysid: UST      Date: 20220418   Time: 010253   Logon_Data: 400/21717T/E'}
2022-04-18 14:39:59,336 - test_ping_sappyrfc - INFO - Parsing cfg
2022-04-18 14:39:59,337 - test_ping_sappyrfc - INFO - Connecting to SAP RFC...
2022-04-18 14:39:59,509 - test_ping_sappyrfc - INFO - {'ECHOTEXT': 'Hello SAP!', 'RESPTEXT': 'SAP R/3 Rel. 750   Sysid: UST      Date: 20220418   Time: 144506   Logon_Data: 400/21717T/E'}
2022-04-18 15:38:54,179 - test_ping_sappyrfc - INFO - Parsing cfg
2022-04-18 15:38:54,180 - test_ping_sappyrfc - INFO - Connecting to SAP RFC...
2022-04-18 15:38:54,379 - test_ping_sappyrfc - INFO - {'ECHOTEXT': 'Hello SAP!', 'RESPTEXT': 'SAP R/3 Rel. 750   Sysid: UST      Date: 20220418   Time: 154403   Logon_Data: 400/21717T/E'}
2022-04-18 15:43:21,317 - test_ping_sappyrfc - INFO - Parsing cfg
2022-04-18 15:43:21,318 - test_ping_sappyrfc - INFO - Connecting to SAP RFC...
2022-04-18 15:43:21,411 - test_ping_sappyrfc - INFO - {'ECHOTEXT': 'Hello SAP!', 'RESPTEXT': 'SAP R/3 Rel. 750   Sysid: UST      Date: 20220418   Time: 154830   Logon_Data: 400/21717T/E'}
2022-04-18 15:44:12,593 - test_ping_sappyrfc - INFO - Parsing cfg
2022-04-18 15:44:12,593 - test_ping_sappyrfc - INFO - Connecting to SAP RFC...
2022-04-18 15:44:12,685 - test_ping_sappyrfc - INFO - {'ECHOTEXT': 'Hello SAP!', 'RESPTEXT': 'SAP R/3 Rel. 750   Sysid: UST      Date: 20220418   Time: 154921   Logon_Data: 400/21717T/E'}
2022-04-18 16:34:54,667 - test_ping_sappyrfc - INFO - Parsing cfg
2022-04-18 16:34:54,667 - test_ping_sappyrfc - INFO - Connecting to SAP RFC...
2022-04-18 16:34:54,835 - test_ping_sappyrfc - INFO - {'ECHOTEXT': 'Hello SAP!', 'RESPTEXT': 'SAP R/3 Rel. 750   Sysid: UST      Date: 20220418   Time: 164003   Logon_Data: 400/21717T/E'}
2022-04-18 16:37:29,711 - test_ping_sappyrfc - INFO - Parsing cfg
2022-04-18 16:37:29,711 - test_ping_sappyrfc - INFO - Connecting to SAP RFC...
2022-04-18 16:37:29,806 - test_ping_sappyrfc - INFO - {'ECHOTEXT': 'Hello SAP!', 'RESPTEXT': 'SAP R/3 Rel. 750   Sysid: UST      Date: 20220418   Time: 164238   Logon_Data: 400/21717T/E'}
2022-04-18 16:42:07,382 - test_ping_sappyrfc - INFO - Parsing cfg
2022-04-18 16:42:07,383 - test_ping_sappyrfc - INFO - Connecting to SAP RFC...
2022-04-18 16:42:07,656 - test_ping_sappyrfc - INFO - {'ECHOTEXT': 'Hello SAP!', 'RESPTEXT': 'SAP R/3 Rel. 750   Sysid: UST      Date: 20220418   Time: 164716   Logon_Data: 400/21717T/E'}
2022-04-18 16:47:09,612 - test_ping_sappyrfc - INFO - Parsing cfg
2022-04-18 16:47:09,612 - test_ping_sappyrfc - INFO - Connecting to SAP RFC...
2022-04-18 16:47:09,781 - test_ping_sappyrfc - INFO - {'ECHOTEXT': 'Hello SAP!', 'RESPTEXT': 'SAP R/3 Rel. 750   Sysid: UST      Date: 20220418   Time: 165218   Logon_Data: 400/21717T/E'}
2022-04-18 16:50:14,500 - test_ping_sappyrfc - INFO - Parsing cfg
2022-04-18 16:50:14,500 - test_ping_sappyrfc - INFO - Connecting to SAP RFC...
2022-04-18 16:50:14,675 - test_ping_sappyrfc - INFO - {'ECHOTEXT': 'Hello SAP!', 'RESPTEXT': 'SAP R/3 Rel. 750   Sysid: UST      Date: 20220418   Time: 165523   Logon_Data: 400/21717T/E'}
2022-04-18 17:07:26,979 - test_ping_sappyrfc - INFO - Parsing cfg
2022-04-18 17:07:26,979 - test_ping_sappyrfc - INFO - Connecting to SAP RFC...
2022-04-18 17:07:27,155 - test_ping_sappyrfc - INFO - {'ECHOTEXT': 'Hello SAP!', 'RESPTEXT': 'SAP R/3 Rel. 750   Sysid: UST      Date: 20220418   Time: 171235   Logon_Data: 400/21717T/E'}
2022-04-18 17:09:29,472 - order_info - INFO - Parsing cfg
2022-04-18 17:09:29,473 - order_info - INFO - Connecting to SAP RFC...
2022-04-18 17:09:29,534 - order_info - INFO - Connection to SAP RFC creating.
